<?xml version="1.0" encoding="UTF-8"?>
<testsuites name="TS_Departments_CustomFieldSettings" time="65.034" tests="6" failures="0" errors="0">
   <testsuite name="TS_Departments_CustomFieldSettings" tests="6" failures="0" errors="0" time="65.034" skipped="0" timestamp="2025-07-21T09:58:52.719Z" hostname="AI-PC-001 - AI-PC-001.lan" id="Test Suites/Departments/TS_Departments_CustomFieldSettings">
      <properties>
         <property name="deviceName" value=""/>
         <property name="devicePlatform"/>
         <property name="logFolder" value="C:\\Katalon_Testing\\Testing\\Reports\\20250721_152847\\Departments\\TS_Departments_CustomFieldSettings\\20250721_152848"/>
         <property name="logFiles" value="C:\\Katalon_Testing\\Testing\\Reports\\20250721_152847\\Departments\\TS_Departments_CustomFieldSettings\\20250721_152848\\console0.log, C:\\Katalon_Testing\\Testing\\Reports\\20250721_152847\\Departments\\TS_Departments_CustomFieldSettings\\20250721_152848\\execution0.log"/>
         <property name="attachments" value=""/>
         <property name="hostName" value="AI-PC-001 - AI-PC-001.lan"/>
         <property name="os" value="Windows 11 64bit"/>
         <property name="katalonVersion" value="10.2.3.0"/>
         <property name="browser" value="Chrome 138.0.7204.101"/>
         <property name="userFullName" value="Ayushi Kalia"/>
         <property name="hostAddress" value="192.168.31.113"/>
         <property name="sessionId" value="1b8dc52b95fd3a65634daf2637940dfd"/>
         <property name="projectName" value="Testing"/>
         <property name="seleniumVersion" value="4.28.1"/>
         <property name="proxyInformation" value="ProxyInformation { proxyOption=NO_PROXY, proxyServerType=HTTP, username=, password=********, proxyServerAddress=, proxyServerPort=0, executionList=&quot;&quot;, isApplyToDesiredCapabilities=true }"/>
         <property name="platform" value="Windows 11"/>
      </properties>
      <testcase name="Test Cases/Departments/TC01_SH_LoginAndNavigate" time="43.974" classname="Test Cases/Departments/TC01_SH_LoginAndNavigate" status="PASSED">
         <system-out><![CDATA[21-07-2025T15:28:53 - [TEST_CASE][PASSED] - Test Cases/Departments/TC01_SH_LoginAndNavigate: Test Cases/Departments/TC01_SH_LoginAndNavigate

21-07-2025T15:28:53 - [TEST_STEP][PASSED] - callTestCase(findTestCase("Shared/Login"), [:], STOP_ON_FAILURE): Call Test Case 'Test Cases/Shared/Login' successfully

21-07-2025T15:28:53 - [TEST_CASE][PASSED] - Test Cases/Shared/Login: Test Cases/Shared/Login

21-07-2025T15:28:53 - [TEST_STEP][PASSED] - openBrowser(""): Browser is opened with url: ''

21-07-2025T15:28:53 - [MESSAGE][INFO] - Starting 'Chrome' driver

21-07-2025T15:28:54 - [MESSAGE][INFO] - Action delay is set to 0 milliseconds

21-07-2025T15:28:55 - [MESSAGE][PASSED] - Browser is opened with url: ''

21-07-2025T15:28:55 - [TEST_STEP][PASSED] - navigateToUrl(G_SiteURL): Navigate to 'https://sit.ibexpayroll.com:8443/edge8/identityserver/Account/Login' successfully

21-07-2025T15:29:00 - [MESSAGE][PASSED] - Navigate to 'https://sit.ibexpayroll.com:8443/edge8/identityserver/Account/Login' successfully

21-07-2025T15:29:00 - [TEST_STEP][PASSED] - maximizeWindow(): Current window maximized

21-07-2025T15:29:00 - [MESSAGE][PASSED] - Current window maximized

21-07-2025T15:29:00 - [TEST_STEP][PASSED] - setText(findTestObject("Object Repository/Shared/Page_IBEX Payroll - Login/Page_IBEX Payroll - Login/input_Username_Input.Username"), "uat.dstewart"): Text 'uat.dstewart' is set on object 'Object Repository/Shared/Page_IBEX Payroll - Login/Page_IBEX Payroll - Login/input_Username_Input.Username'

21-07-2025T15:29:00 - [MESSAGE][PASSED] - Text 'uat.dstewart' is set on object 'Object Repository/Shared/Page_IBEX Payroll - Login/Page_IBEX Payroll - Login/input_Username_Input.Username'

21-07-2025T15:29:00 - [TEST_STEP][PASSED] - setEncryptedText(findTestObject("Shared/Page_IBEX Payroll - Login/Page_IBEX Payroll - Login/input_Show Password_Input.Password"), "p4y+y39Ir5Oy1MY8jPt0uQ=="): Text ****** has been set on object 'Object Repository/Shared/Page_IBEX Payroll - Login/Page_IBEX Payroll - Login/input_Show Password_Input.Password'

21-07-2025T15:29:01 - [MESSAGE][PASSED] - Text ****** has been set on object 'Object Repository/Shared/Page_IBEX Payroll - Login/Page_IBEX Payroll - Login/input_Show Password_Input.Password'

21-07-2025T15:29:01 - [TEST_STEP][PASSED] - click(findTestObject("Object Repository/Shared/Page_IBEX Payroll - Login/Page_IBEX Payroll - Login/input_Remember me_Input.Button")): Object: 'Object Repository/Shared/Page_IBEX Payroll - Login/Page_IBEX Payroll - Login/input_Remember me_Input.Button' is clicked on

21-07-2025T15:29:06 - [MESSAGE][PASSED] - Object: 'Object Repository/Shared/Page_IBEX Payroll - Login/Page_IBEX Payroll - Login/input_Remember me_Input.Button' is clicked on

21-07-2025T15:29:06 - [MESSAGE][PASSED] - Call Test Case 'Test Cases/Shared/Login' successfully

21-07-2025T15:29:06 - [TEST_STEP][PASSED] - callTestCase(findTestCase("Shared/Navigate(Switch Org)"), [:], STOP_ON_FAILURE): Call Test Case 'Test Cases/Shared/Navigate(Switch Org)' successfully

21-07-2025T15:29:06 - [TEST_CASE][PASSED] - Test Cases/Shared/Navigate(Switch Org): Test Cases/Shared/Navigate(Switch Org)

21-07-2025T15:29:06 - [TEST_STEP][PASSED] - click(findTestObject("Object Repository/Shared/Switch_Org/Page_IBEX Payroll - Home/a_swap_horiz Switch SetupSimpleDialog(orgCo_55ee7d")): Object: 'Object Repository/Shared/Switch_Org/Page_IBEX Payroll - Home/a_swap_horiz Switch SetupSimpleDialog(orgCo_55ee7d' is clicked on

21-07-2025T15:29:07 - [MESSAGE][PASSED] - Object: 'Object Repository/Shared/Switch_Org/Page_IBEX Payroll - Home/a_swap_horiz Switch SetupSimpleDialog(orgCo_55ee7d' is clicked on

21-07-2025T15:29:07 - [TEST_STEP][PASSED] - delay(30): Delayed 30 second(s)

21-07-2025T15:29:37 - [MESSAGE][PASSED] - Delayed 30 second(s)

21-07-2025T15:29:37 - [MESSAGE][PASSED] - Call Test Case 'Test Cases/Shared/Navigate(Switch Org)' successfully]]></system-out>
         <system-err><![CDATA[]]></system-err>
      </testcase>
      <testcase name="Test Cases/Departments/TC02_VerifyManageDepartmentFields" time="6.776" classname="Test Cases/Departments/TC02_VerifyManageDepartmentFields" status="PASSED">
         <system-out><![CDATA[21-07-2025T15:29:37 - [TEST_CASE][PASSED] - Test Cases/Departments/TC02_VerifyManageDepartmentFields: Test Cases/Departments/TC02_VerifyManageDepartmentFields

21-07-2025T15:29:37 - [TEST_STEP][PASSED] - click(findTestObject("Object Repository/Departments/TC02_VerifyManageDepartmentFields/Page_IBEX Payroll - Home/div_Darryl Stewart                         _d15389")): Object: 'Object Repository/Departments/TC02_VerifyManageDepartmentFields/Page_IBEX Payroll - Home/div_Darryl Stewart                         _d15389' is clicked on

21-07-2025T15:29:37 - [MESSAGE][PASSED] - Object: 'Object Repository/Departments/TC02_VerifyManageDepartmentFields/Page_IBEX Payroll - Home/div_Darryl Stewart                         _d15389' is clicked on

21-07-2025T15:29:37 - [TEST_STEP][PASSED] - click(findTestObject("Object Repository/Departments/TC02_VerifyManageDepartmentFields/Page_IBEX Payroll - Home/a_business Organization Details")): Object: 'Object Repository/Departments/TC02_VerifyManageDepartmentFields/Page_IBEX Payroll - Home/a_business Organization Details' is clicked on

21-07-2025T15:29:38 - [MESSAGE][PASSED] - Object: 'Object Repository/Departments/TC02_VerifyManageDepartmentFields/Page_IBEX Payroll - Home/a_business Organization Details' is clicked on

21-07-2025T15:29:38 - [TEST_STEP][PASSED] - click(findTestObject("Object Repository/Departments/TC02_VerifyManageDepartmentFields/Page_IBEX Payroll - Organization Detail/a_Payroll Departments")): Object: 'Object Repository/Departments/TC02_VerifyManageDepartmentFields/Page_IBEX Payroll - Organization Detail/a_Payroll Departments' is clicked on

21-07-2025T15:29:40 - [MESSAGE][PASSED] - Object: 'Object Repository/Departments/TC02_VerifyManageDepartmentFields/Page_IBEX Payroll - Organization Detail/a_Payroll Departments' is clicked on

21-07-2025T15:29:40 - [TEST_STEP][PASSED] - click(findTestObject("Object Repository/Departments/TC02_VerifyManageDepartmentFields/Page_IBEX Payroll - Organization Payroll De_204c37/a_Manage Department Fields")): Object: 'Object Repository/Departments/TC02_VerifyManageDepartmentFields/Page_IBEX Payroll - Organization Payroll De_204c37/a_Manage Department Fields' is clicked on

21-07-2025T15:29:44 - [MESSAGE][PASSED] - Object: 'Object Repository/Departments/TC02_VerifyManageDepartmentFields/Page_IBEX Payroll - Organization Payroll De_204c37/a_Manage Department Fields' is clicked on]]></system-out>
         <system-err><![CDATA[]]></system-err>
      </testcase>
      <testcase name="Test Cases/Departments/TC03_VerifyCustomFieldOptions" time="7.619" classname="Test Cases/Departments/TC03_VerifyCustomFieldOptions" status="PASSED">
         <system-out><![CDATA[21-07-2025T15:29:44 - [TEST_CASE][PASSED] - Test Cases/Departments/TC03_VerifyCustomFieldOptions: Test Cases/Departments/TC03_VerifyCustomFieldOptions

21-07-2025T15:29:44 - [TEST_STEP][PASSED] - findWebElement(findTestObject("Object Repository/Departments/TC03_VerifyCustomFieldOotions/Page_IBEX Payroll - Manage Department Field/label_Custom Department Field 1")): Found web element by test object Object Repository/Departments/TC03_VerifyCustomFieldOotions/Page_IBEX Payroll - Manage Department Field/label_Custom Department Field 1

21-07-2025T15:29:47 - [MESSAGE][PASSED] - Found web element by test object Object Repository/Departments/TC03_VerifyCustomFieldOotions/Page_IBEX Payroll - Manage Department Field/label_Custom Department Field 1

21-07-2025T15:29:47 - [TEST_STEP][PASSED] - findWebElement(findTestObject("Object Repository/Departments/TC03_VerifyCustomFieldOotions/Page_IBEX Payroll - Manage Department Field/label_Custom Department Field 2")): Found web element by test object Object Repository/Departments/TC03_VerifyCustomFieldOotions/Page_IBEX Payroll - Manage Department Field/label_Custom Department Field 2

21-07-2025T15:29:51 - [MESSAGE][PASSED] - Found web element by test object Object Repository/Departments/TC03_VerifyCustomFieldOotions/Page_IBEX Payroll - Manage Department Field/label_Custom Department Field 2]]></system-out>
         <system-err><![CDATA[]]></system-err>
      </testcase>
      <testcase name="Test Cases/Departments/TC04_CheckboxBehavior" time="1.406" classname="Test Cases/Departments/TC04_CheckboxBehavior" status="PASSED">
         <system-out><![CDATA[21-07-2025T15:29:51 - [TEST_CASE][PASSED] - Test Cases/Departments/TC04_CheckboxBehavior: Test Cases/Departments/TC04_CheckboxBehavior

21-07-2025T15:29:51 - [TEST_STEP][PASSED] - click(findTestObject("Object Repository/Departments/TC04_CheckboxBehavior/Page_IBEX Payroll - Manage Department Field/input_Custom Department Field Settings_fiel_da0194")): Object: 'Object Repository/Departments/TC04_CheckboxBehavior/Page_IBEX Payroll - Manage Department Field/input_Custom Department Field Settings_fiel_da0194' is clicked on

21-07-2025T15:29:52 - [MESSAGE][PASSED] - Object: 'Object Repository/Departments/TC04_CheckboxBehavior/Page_IBEX Payroll - Manage Department Field/input_Custom Department Field Settings_fiel_da0194' is clicked on

21-07-2025T15:29:52 - [TEST_STEP][PASSED] - verifyElementChecked(findTestObject("Object Repository/Departments/TC04_CheckboxBehavior/Page_IBEX Payroll - Manage Department Field/input_Custom Department Field Settings_fiel_da0194"), 0): Object 'Object Repository/Departments/TC04_CheckboxBehavior/Page_IBEX Payroll - Manage Department Field/input_Custom Department Field Settings_fiel_da0194' is checked

21-07-2025T15:29:52 - [MESSAGE][WARNING] - Timeout '0' is invalid. Using default page load timeout: '30'

21-07-2025T15:29:52 - [MESSAGE][PASSED] - Object 'Object Repository/Departments/TC04_CheckboxBehavior/Page_IBEX Payroll - Manage Department Field/input_Custom Department Field Settings_fiel_da0194' is checked

21-07-2025T15:29:52 - [TEST_STEP][PASSED] - click(findTestObject("Object Repository/Departments/TC04_CheckboxBehavior/Page_IBEX Payroll - Manage Department Field/input_Custom Department Field 1_field02Enabled")): Object: 'Object Repository/Departments/TC04_CheckboxBehavior/Page_IBEX Payroll - Manage Department Field/input_Custom Department Field 1_field02Enabled' is clicked on

21-07-2025T15:29:52 - [MESSAGE][PASSED] - Object: 'Object Repository/Departments/TC04_CheckboxBehavior/Page_IBEX Payroll - Manage Department Field/input_Custom Department Field 1_field02Enabled' is clicked on

21-07-2025T15:29:52 - [TEST_STEP][PASSED] - verifyElementChecked(findTestObject("Object Repository/Departments/TC04_CheckboxBehavior/Page_IBEX Payroll - Manage Department Field/input_Custom Department Field 1_field02Enabled"), 0): Object 'Object Repository/Departments/TC04_CheckboxBehavior/Page_IBEX Payroll - Manage Department Field/input_Custom Department Field 1_field02Enabled' is checked

21-07-2025T15:29:52 - [MESSAGE][WARNING] - Timeout '0' is invalid. Using default page load timeout: '30'

21-07-2025T15:29:52 - [MESSAGE][PASSED] - Object 'Object Repository/Departments/TC04_CheckboxBehavior/Page_IBEX Payroll - Manage Department Field/input_Custom Department Field 1_field02Enabled' is checked

21-07-2025T15:29:52 - [TEST_STEP][PASSED] - verifyElementClickable(findTestObject("Object Repository/Departments/TC04_CheckboxBehavior/Page_IBEX Payroll - Manage Department Field/input_Custom Department Field 1_field01Value")): Object 'Object Repository/Departments/TC04_CheckboxBehavior/Page_IBEX Payroll - Manage Department Field/input_Custom Department Field 1_field01Value' is clickable

21-07-2025T15:29:53 - [MESSAGE][PASSED] - Object 'Object Repository/Departments/TC04_CheckboxBehavior/Page_IBEX Payroll - Manage Department Field/input_Custom Department Field 1_field01Value' is clickable]]></system-out>
         <system-err><![CDATA[]]></system-err>
      </testcase>
      <testcase name="Test Cases/Departments/TC05_Validation_Fields_Empty" time="2.169" classname="Test Cases/Departments/TC05_Validation_Fields_Empty" status="PASSED">
         <system-out><![CDATA[21-07-2025T15:29:53 - [TEST_CASE][PASSED] - Test Cases/Departments/TC05_Validation_Fields_Empty: Test Cases/Departments/TC05_Validation_Fields_Empty

21-07-2025T15:29:53 - [TEST_STEP][PASSED] - setText(findTestObject("Object Repository/Departments/TC06_Validation_Fields_ExceedsLimit/Page_IBEX Payroll - Manage Department Field/input_Custom Department Field 1_field01Value"), ""): Text '' is set on object 'Object Repository/Departments/TC06_Validation_Fields_ExceedsLimit/Page_IBEX Payroll - Manage Department Field/input_Custom Department Field 1_field01Value'

21-07-2025T15:29:53 - [MESSAGE][PASSED] - Text '' is set on object 'Object Repository/Departments/TC06_Validation_Fields_ExceedsLimit/Page_IBEX Payroll - Manage Department Field/input_Custom Department Field 1_field01Value'

21-07-2025T15:29:53 - [TEST_STEP][PASSED] - setText(findTestObject("Object Repository/Departments/TC06_Validation_Fields_ExceedsLimit/Page_IBEX Payroll - Manage Department Field/input_Custom Department Field 2_field02Value"), ""): Text '' is set on object 'Object Repository/Departments/TC06_Validation_Fields_ExceedsLimit/Page_IBEX Payroll - Manage Department Field/input_Custom Department Field 2_field02Value'

21-07-2025T15:29:54 - [MESSAGE][PASSED] - Text '' is set on object 'Object Repository/Departments/TC06_Validation_Fields_ExceedsLimit/Page_IBEX Payroll - Manage Department Field/input_Custom Department Field 2_field02Value'

21-07-2025T15:29:54 - [TEST_STEP][PASSED] - click(findTestObject("Object Repository/Departments/TC06_Validation_Fields_ExceedsLimit/Page_IBEX Payroll - Manage Department Field/button_Save")): Object: 'Object Repository/Departments/TC06_Validation_Fields_ExceedsLimit/Page_IBEX Payroll - Manage Department Field/button_Save' is clicked on

21-07-2025T15:29:54 - [MESSAGE][PASSED] - Object: 'Object Repository/Departments/TC06_Validation_Fields_ExceedsLimit/Page_IBEX Payroll - Manage Department Field/button_Save' is clicked on

21-07-2025T15:29:54 - [TEST_STEP][PASSED] - verifyTextPresent(G_validation_Field1_Empty, false): Text 'Custom Department Field #1 is required when enabled.' is present on page 

21-07-2025T15:29:54 - [MESSAGE][PASSED] - Text 'Custom Department Field #1 is required when enabled.' is present on page 

21-07-2025T15:29:54 - [TEST_STEP][PASSED] - verifyTextPresent(G_validation_Field2_Empty, false): Text 'Custom Department Field #2 is required when enabled.' is present on page 

21-07-2025T15:29:55 - [MESSAGE][PASSED] - Text 'Custom Department Field #2 is required when enabled.' is present on page]]></system-out>
         <system-err><![CDATA[]]></system-err>
      </testcase>
      <testcase name="Test Cases/Departments/TC06_Validation_Fields_ExceedsLimit" time="2.506" classname="Test Cases/Departments/TC06_Validation_Fields_ExceedsLimit" status="PASSED">
         <system-out><![CDATA[21-07-2025T15:29:55 - [TEST_CASE][PASSED] - Test Cases/Departments/TC06_Validation_Fields_ExceedsLimit: Test Cases/Departments/TC06_Validation_Fields_ExceedsLimit

21-07-2025T15:29:55 - [TEST_STEP][PASSED] - setText(findTestObject("Object Repository/Departments/TC05_Validation_Fields_Empty/Page_IBEX Payroll - Manage Department Field/input_Custom Department Field 1_field01Value"), G_LongTextInput): Text 'ABCDEFGHIJKLMNOPQRSTUVWXYZabcdefghijklmnopqrstuvwxyz1234567890ABCDEFGHIJKLMNOPQRSTUVWXYZabcdefghijklmnopqrstuvwxyz
' is set on object 'Object Repository/Departments/TC05_Validation_Fields_Empty/Page_IBEX Payroll - Manage Department Field/input_Custom Department Field 1_field01Value'

21-07-2025T15:29:55 - [MESSAGE][PASSED] - Text 'ABCDEFGHIJKLMNOPQRSTUVWXYZabcdefghijklmnopqrstuvwxyz1234567890ABCDEFGHIJKLMNOPQRSTUVWXYZabcdefghijklmnopqrstuvwxyz
' is set on object 'Object Repository/Departments/TC05_Validation_Fields_Empty/Page_IBEX Payroll - Manage Department Field/input_Custom Department Field 1_field01Value'

21-07-2025T15:29:55 - [TEST_STEP][PASSED] - setText(findTestObject("Object Repository/Departments/TC05_Validation_Fields_Empty/Page_IBEX Payroll - Manage Department Field/input_Custom Department Field 2_field02Value"), G_LongTextInput): Text 'ABCDEFGHIJKLMNOPQRSTUVWXYZabcdefghijklmnopqrstuvwxyz1234567890ABCDEFGHIJKLMNOPQRSTUVWXYZabcdefghijklmnopqrstuvwxyz
' is set on object 'Object Repository/Departments/TC05_Validation_Fields_Empty/Page_IBEX Payroll - Manage Department Field/input_Custom Department Field 2_field02Value'

21-07-2025T15:29:56 - [MESSAGE][PASSED] - Text 'ABCDEFGHIJKLMNOPQRSTUVWXYZabcdefghijklmnopqrstuvwxyz1234567890ABCDEFGHIJKLMNOPQRSTUVWXYZabcdefghijklmnopqrstuvwxyz
' is set on object 'Object Repository/Departments/TC05_Validation_Fields_Empty/Page_IBEX Payroll - Manage Department Field/input_Custom Department Field 2_field02Value'

21-07-2025T15:29:56 - [TEST_STEP][PASSED] - click(findTestObject("Object Repository/Departments/TC05_Validation_Fields_Empty/Page_IBEX Payroll - Manage Department Field/button_Save")): Object: 'Object Repository/Departments/TC05_Validation_Fields_Empty/Page_IBEX Payroll - Manage Department Field/button_Save' is clicked on

21-07-2025T15:29:57 - [MESSAGE][PASSED] - Object: 'Object Repository/Departments/TC05_Validation_Fields_Empty/Page_IBEX Payroll - Manage Department Field/button_Save' is clicked on

21-07-2025T15:29:57 - [TEST_STEP][PASSED] - verifyTextPresent(G_Validation_Field1_ExceedsLimit, false): Text 'Custom Department Field #1 must be 100 characters or fewer.' is present on page 

21-07-2025T15:29:57 - [MESSAGE][PASSED] - Text 'Custom Department Field #1 must be 100 characters or fewer.' is present on page 

21-07-2025T15:29:57 - [TEST_STEP][PASSED] - verifyTextPresent(G_Validation_Field2_ExceedsLimit, false): Text 'Custom Department Field #2 must be 100 characters or fewer.' is present on page 

21-07-2025T15:29:57 - [MESSAGE][PASSED] - Text 'Custom Department Field #2 must be 100 characters or fewer.' is present on page]]></system-out>
         <system-err><![CDATA[]]></system-err>
      </testcase>
      <system-out><![CDATA[21-07-2025T15:28:52 - [TEST_SUITE][PASSED] - TS_Departments_CustomFieldSettings: null]]></system-out>
      <system-err><![CDATA[]]></system-err>
   </testsuite>
</testsuites>
